[    0.000000] Initializing cgroup subsys cpuset
[    0.000000] Initializing cgroup subsys cpu
[    0.000000] Initializing cgroup subsys cpuacct
[    0.000000] Linux version 4.4.0-92-generic (buildd@lcy01-17) (gcc version 5.4.0 20160609 (Ubuntu 5.4.0-6ubuntu1~16.04.4) ) #115-Ubuntu SMP Thu Aug 10 09:04:33 UTC 2017 (Ubuntu 4.4.0-92.115-generic 4.4.76)
[    0.000000] Command line: BOOT_IMAGE=/boot/vmlinuz-4.4.0-92-generic root=LABEL=cloudimg-rootfs ro console=tty1 console=ttyS0
[    0.000000] KERNEL supported cpus:
[    0.000000]   Intel GenuineIntel
[    0.000000]   AMD AuthenticAMD
[    0.000000]   Centaur CentaurHauls
[    0.000000] x86/fpu: xstate_offset[2]:  576, xstate_sizes[2]:  256
[    0.000000] x86/fpu: Supporting XSAVE feature 0x01: 'x87 floating point registers'
[    0.000000] x86/fpu: Supporting XSAVE feature 0x02: 'SSE registers'
[    0.000000] x86/fpu: Supporting XSAVE feature 0x04: 'AVX registers'
[    0.000000] x86/fpu: Enabled xstate features 0x7, context size is 832 bytes, using 'standard' format.
[    0.000000] x86/fpu: Using 'lazy' FPU context switches.
[    0.000000] e820: BIOS-provided physical RAM map:
[    0.000000] BIOS-e820: [mem 0x0000000000000000-0x000000000009fbff] usable
[    0.000000] BIOS-e820: [mem 0x000000000009fc00-0x000000000009ffff] reserved
[    0.000000] BIOS-e820: [mem 0x00000000000f0000-0x00000000000fffff] reserved
[    0.000000] BIOS-e820: [mem 0x0000000000100000-0x00000000dffeffff] usable
[    0.000000] BIOS-e820: [mem 0x00000000dfff0000-0x00000000dfffffff] ACPI data
[    0.000000] BIOS-e820: [mem 0x00000000fec00000-0x00000000fec00fff] reserved
[    0.000000] BIOS-e820: [mem 0x00000000fee00000-0x00000000fee00fff] reserved
[    0.000000] BIOS-e820: [mem 0x00000000fffc0000-0x00000000ffffffff] reserved
[    0.000000] BIOS-e820: [mem 0x0000000100000000-0x000000011fffffff] usable
[    0.000000] NX (Execute Disable) protection: active
[    0.000000] SMBIOS 2.5 present.
[    0.000000] Hypervisor detected: KVM
[    0.000000] e820: last_pfn = 0x120000 max_arch_pfn = 0x400000000
[    0.000000] MTRR: Disabled
[    0.000000] x86/PAT: MTRRs disabled, skipping PAT initialization too.
[    0.000000] x86/PAT: Configuration [0-7]: WB  WT  UC- UC  WB  WT  UC- UC  
[    0.000000] CPU MTRRs all blank - virtualized system.
[    0.000000] e820: last_pfn = 0xdfff0 max_arch_pfn = 0x400000000
[    0.000000] found SMP MP-table at [mem 0x0009fff0-0x0009ffff] mapped at [ffff88000009fff0]
[    0.000000] Scanning 1 areas for low memory corruption
[    0.000000] RAMDISK: [mem 0x36ac8000-0x3755bfff]
[    0.000000] ACPI: Early table checksum verification disabled
[    0.000000] ACPI: RSDP 0x00000000000E0000 000024 (v02 VBOX  )
[    0.000000] ACPI: XSDT 0x00000000DFFF0030 00003C (v01 VBOX   VBOXXSDT 00000001 ASL  00000061)
[    0.000000] ACPI: FACP 0x00000000DFFF00F0 0000F4 (v04 VBOX   VBOXFACP 00000001 ASL  00000061)
[    0.000000] ACPI: DSDT 0x00000000DFFF0470 0021C8 (v02 VBOX   VBOXBIOS 00000002 INTL 20100528)
[    0.000000] ACPI: FACS 0x00000000DFFF0200 000040
[    0.000000] ACPI: FACS 0x00000000DFFF0200 000040
[    0.000000] ACPI: APIC 0x00000000DFFF0240 00005C (v02 VBOX   VBOXAPIC 00000001 ASL  00000061)
[    0.000000] ACPI: SSDT 0x00000000DFFF02A0 0001CC (v01 VBOX   VBOXCPUT 00000002 INTL 20100528)
[    0.000000] No NUMA configuration found
[    0.000000] Faking a node at [mem 0x0000000000000000-0x000000011fffffff]
[    0.000000] NODE_DATA(0) allocated [mem 0x11fff7000-0x11fffbfff]
[    0.000000] kvm-clock: Using msrs 4b564d01 and 4b564d00
[    0.000000] kvm-clock: cpu 0, msr 1:1ffef001, primary cpu clock
[    0.000000] kvm-clock: using sched offset of 3029402950 cycles
[    0.000000] clocksource: kvm-clock: mask: 0xffffffffffffffff max_cycles: 0x1cd42e4dffb, max_idle_ns: 881590591483 ns
[    0.000000] Zone ranges:
[    0.000000]   DMA      [mem 0x0000000000001000-0x0000000000ffffff]
[    0.000000]   DMA32    [mem 0x0000000001000000-0x00000000ffffffff]
[    0.000000]   Normal   [mem 0x0000000100000000-0x000000011fffffff]
[    0.000000]   Device   empty
[    0.000000] Movable zone start for each node
[    0.000000] Early memory node ranges
[    0.000000]   node   0: [mem 0x0000000000001000-0x000000000009efff]
[    0.000000]   node   0: [mem 0x0000000000100000-0x00000000dffeffff]
[    0.000000]   node   0: [mem 0x0000000100000000-0x000000011fffffff]
[    0.000000] Initmem setup node 0 [mem 0x0000000000001000-0x000000011fffffff]
[    0.000000] ACPI: PM-Timer IO Port: 0x4008
[    0.000000] IOAPIC[0]: apic_id 2, version 32, address 0xfec00000, GSI 0-23
[    0.000000] ACPI: INT_SRC_OVR (bus 0 bus_irq 0 global_irq 2 dfl dfl)
[    0.000000] ACPI: INT_SRC_OVR (bus 0 bus_irq 9 global_irq 9 high level)
[    0.000000] Using ACPI (MADT) for SMP configuration information
[    0.000000] smpboot: Allowing 2 CPUs, 0 hotplug CPUs
[    0.000000] PM: Registered nosave memory: [mem 0x00000000-0x00000fff]
[    0.000000] PM: Registered nosave memory: [mem 0x0009f000-0x0009ffff]
[    0.000000] PM: Registered nosave memory: [mem 0x000a0000-0x000effff]
[    0.000000] PM: Registered nosave memory: [mem 0x000f0000-0x000fffff]
[    0.000000] PM: Registered nosave memory: [mem 0xdfff0000-0xdfffffff]
[    0.000000] PM: Registered nosave memory: [mem 0xe0000000-0xfebfffff]
[    0.000000] PM: Registered nosave memory: [mem 0xfec00000-0xfec00fff]
[    0.000000] PM: Registered nosave memory: [mem 0xfec01000-0xfedfffff]
[    0.000000] PM: Registered nosave memory: [mem 0xfee00000-0xfee00fff]
[    0.000000] PM: Registered nosave memory: [mem 0xfee01000-0xfffbffff]
[    0.000000] PM: Registered nosave memory: [mem 0xfffc0000-0xffffffff]
[    0.000000] e820: [mem 0xe0000000-0xfebfffff] available for PCI devices
[    0.000000] Booting paravirtualized kernel on KVM
[    0.000000] clocksource: refined-jiffies: mask: 0xffffffff max_cycles: 0xffffffff, max_idle_ns: 7645519600211568 ns
[    0.000000] setup_percpu: NR_CPUS:512 nr_cpumask_bits:512 nr_cpu_ids:2 nr_node_ids:1
[    0.000000] PERCPU: Embedded 33 pages/cpu @ffff88011fc00000 s98264 r8192 d28712 u1048576
[    0.000000] PV qspinlock hash table entries: 256 (order: 0, 4096 bytes)
[    0.000000] Built 1 zonelists in Node order, mobility grouping on.  Total pages: 1032057
[    0.000000] Policy zone: Normal
[    0.000000] Kernel command line: BOOT_IMAGE=/boot/vmlinuz-4.4.0-92-generic root=LABEL=cloudimg-rootfs ro console=tty1 console=ttyS0
[    0.000000] PID hash table entries: 4096 (order: 3, 32768 bytes)
[    0.000000] Memory: 4032256K/4193848K available (8474K kernel code, 1294K rwdata, 3984K rodata, 1488K init, 1316K bss, 161592K reserved, 0K cma-reserved)
[    0.000000] SLUB: HWalign=64, Order=0-3, MinObjects=0, CPUs=2, Nodes=1
[    0.000000] Hierarchical RCU implementation.
[    0.000000] 	Build-time adjustment of leaf fanout to 64.
[    0.000000] 	RCU restricting CPUs from NR_CPUS=512 to nr_cpu_ids=2.
[    0.000000] RCU: Adjusting geometry for rcu_fanout_leaf=64, nr_cpu_ids=2
[    0.000000] NR_IRQS:33024 nr_irqs:440 16
[    0.000000] Console: colour VGA+ 80x25
[    0.000000] console [tty1] enabled
[    0.000000] console [ttyS0] enabled
[    0.000000] tsc: Detected 2693.762 MHz processor
[    0.951191] Calibrating delay loop (skipped) preset value.. 5387.52 BogoMIPS (lpj=10775048)
[    0.952437] pid_max: default: 32768 minimum: 301
[    0.960306] ACPI: Core revision 20150930
[    0.962850] ACPI: 2 ACPI AML tables successfully acquired and loaded
[    1.040209] Security Framework initialized
[    1.142422] Yama: becoming mindful.
[    1.225375] AppArmor: AppArmor initialized
[    1.344578] Dentry cache hash table entries: 524288 (order: 10, 4194304 bytes)
[    1.369277] Inode-cache hash table entries: 262144 (order: 9, 2097152 bytes)
[    1.386209] Mount-cache hash table entries: 8192 (order: 4, 65536 bytes)
[    1.388219] Mountpoint-cache hash table entries: 8192 (order: 4, 65536 bytes)
[    1.391190] Initializing cgroup subsys io
[    1.395259] Initializing cgroup subsys memory
[    1.400776] Initializing cgroup subsys devices
[    1.401429] Initializing cgroup subsys freezer
[    1.402077] Initializing cgroup subsys net_cls
[    1.410663] Initializing cgroup subsys perf_event
[    1.411389] Initializing cgroup subsys net_prio
[    1.415372] Initializing cgroup subsys hugetlb
[    1.435190] Initializing cgroup subsys pids
[    1.445298] CPU: Physical Processor ID: 0
[    1.482403] CPU: Processor Core ID: 0
[    1.483752] mce: CPU supports 0 MCE banks
[    1.484419] Last level iTLB entries: 4KB 1024, 2MB 1024, 4MB 1024
[    1.490938] Last level dTLB entries: 4KB 1024, 2MB 1024, 4MB 1024, 1GB 4
[    1.523275] Freeing SMP alternatives memory: 32K (ffffffff820b9000 - ffffffff820c1000)
[    1.558195] ftrace: allocating 32131 entries in 126 pages
[    1.591159] smpboot: APIC(0) Converting physical 0 to logical package 0
[    1.752651] smpboot: Max logical packages: 1
[    1.865425] x2apic enabled
[    1.930818] Switched APIC routing to physical x2apic.
[    1.968919] ..TIMER: vector=0x30 apic1=0 pin1=2 apic2=-1 pin2=-1
[    2.078616] smpboot: CPU0: Intel(R) Core(TM) i7-4800MQ CPU @ 2.70GHz (family: 0x6, model: 0x3c, stepping: 0x3)
[    2.109488] Performance Events: unsupported p6 CPU model 60 no PMU driver, software events only.
[    2.111760] KVM setup paravirtual spinlock
[    2.113390] x86: Booting SMP configuration:
[    2.126219] .... node  #0, CPUs:      #1
[    2.126866] kvm-clock: cpu 1, msr 1:1ffef041, secondary cpu clock
[    2.128368] mce: CPU supports 0 MCE banks
[    2.130800] x86: Booted up 1 node, 2 CPUs
[    2.235021] smpboot: Total of 2 processors activated (10775.04 BogoMIPS)
[    2.343577] devtmpfs: initialized
[    2.381705] evm: security.selinux
[    2.451660] evm: security.SMACK64
[    2.505036] evm: security.SMACK64EXEC
[    2.559232] evm: security.SMACK64TRANSMUTE
[    2.591284] evm: security.SMACK64MMAP
[    2.619292] evm: security.ima
[    2.619820] evm: security.capability
[    2.620621] clocksource: jiffies: mask: 0xffffffff max_cycles: 0xffffffff, max_idle_ns: 7645041785100000 ns
[    2.824117] futex hash table entries: 512 (order: 3, 32768 bytes)
[    2.999315] pinctrl core: initialized pinctrl subsystem
[    3.149022] RTC time: 14:24:26, date: 08/31/17
[    3.282825] NET: Registered protocol family 16
[    3.426967] cpuidle: using governor ladder
[    3.487233] cpuidle: using governor menu
[    3.499631] PCCT header not found.
[    3.503469] ACPI: bus type PCI registered
[    3.538361] acpiphp: ACPI Hot Plug PCI Controller Driver version: 0.5
[    3.547646] PCI: Using configuration type 1 for base access
[    3.559119] ACPI: Added _OSI(Module Device)
[    3.566599] ACPI: Added _OSI(Processor Device)
[    3.578696] ACPI: Added _OSI(3.0 _SCP Extensions)
[    3.619772] ACPI: Added _OSI(Processor Aggregator Device)
[    3.644300] ACPI: Executed 1 blocks of module-level executable AML code
[    3.677699] ACPI: Interpreter enabled
[    3.679382] ACPI: (supports S0 S5)
[    3.685349] ACPI: Using IOAPIC for interrupt routing
[    3.709300] PCI: Using host bridge windows from ACPI; if necessary, use "pci=nocrs" and report a bug
[    3.767778] ACPI: PCI Root Bridge [PCI0] (domain 0000 [bus 00-ff])
[    3.772057] acpi PNP0A03:00: _OSC: OS supports [ASPM ClockPM Segments MSI]
[    3.773245] acpi PNP0A03:00: _OSC failed (AE_NOT_FOUND); disabling ASPM
[    3.774119] acpi PNP0A03:00: fail to add MMCONFIG information, can't access extended PCI configuration space under this bridge.
[    3.775699] PCI host bridge to bus 0000:00
[    3.776252] pci_bus 0000:00: root bus resource [io  0x0000-0x0cf7 window]
[    3.777014] pci_bus 0000:00: root bus resource [io  0x0d00-0xffff window]
[    3.777777] pci_bus 0000:00: root bus resource [mem 0x000a0000-0x000bffff window]
[    3.787073] pci_bus 0000:00: root bus resource [mem 0xe0000000-0xffdfffff window]
[    3.923098] pci_bus 0000:00: root bus resource [bus 00-ff]
[    3.988259] pci 0000:00:01.1: legacy IDE quirk: reg 0x10: [io  0x01f0-0x01f7]
[    4.075091] pci 0000:00:01.1: legacy IDE quirk: reg 0x14: [io  0x03f6]
[    4.075878] pci 0000:00:01.1: legacy IDE quirk: reg 0x18: [io  0x0170-0x0177]
[    4.081055] pci 0000:00:01.1: legacy IDE quirk: reg 0x1c: [io  0x0376]
[    4.227603] pci 0000:00:07.0: quirk: [io  0x4000-0x403f] claimed by PIIX4 ACPI
[    4.345245] pci 0000:00:07.0: quirk: [io  0x4100-0x410f] claimed by PIIX4 SMB
[    4.499804] ACPI: PCI Interrupt Link [LNKA] (IRQs 5 9 10 *11)
[    4.595154] ACPI: PCI Interrupt Link [LNKB] (IRQs 5 9 10 *11)
[    4.643694] ACPI: PCI Interrupt Link [LNKC] (IRQs 5 9 *10 11)
[    4.733530] ACPI: PCI Interrupt Link [LNKD] (IRQs 5 *9 10 11)
[    4.799352] ACPI: Enabled 2 GPEs in block 00 to 07
[    4.865442] vgaarb: setting as boot device: PCI:0000:00:02.0
[    4.999685] vgaarb: device added: PCI:0000:00:02.0,decodes=io+mem,owns=io+mem,locks=none
[    5.175065] vgaarb: loaded
[    5.224573] vgaarb: bridge control possible 0000:00:02.0
[    5.288499] SCSI subsystem initialized
[    5.335208] ACPI: bus type USB registered
[    5.398327] usbcore: registered new interface driver usbfs
[    5.555306] usbcore: registered new interface driver hub
[    5.672156] usbcore: registered new device driver usb
[    5.695485] PCI: Using ACPI for IRQ routing
[    5.756347] NetLabel: Initializing
[    5.812221] NetLabel:  domain hash size = 128
[    5.818080] NetLabel:  protocols = UNLABELED CIPSOv4
[    5.822548] NetLabel:  unlabeled traffic allowed by default
[    5.867378] amd_nb: Cannot enumerate AMD northbridges
[    6.003992] clocksource: Switched to clocksource kvm-clock
[    6.146365] AppArmor: AppArmor Filesystem Enabled
[    6.175366] pnp: PnP ACPI init
[    6.176426] pnp: PnP ACPI: found 3 devices
[    6.189958] clocksource: acpi_pm: mask: 0xffffff max_cycles: 0xffffff, max_idle_ns: 2085701024 ns
[    6.431745] NET: Registered protocol family 2
[    6.451436] TCP established hash table entries: 32768 (order: 6, 262144 bytes)
[    6.485364] TCP bind hash table entries: 32768 (order: 7, 524288 bytes)
[    6.496027] TCP: Hash tables configured (established 32768 bind 32768)
[    6.516598] UDP hash table entries: 2048 (order: 4, 65536 bytes)
[    6.517325] UDP-Lite hash table entries: 2048 (order: 4, 65536 bytes)
[    6.536616] NET: Registered protocol family 1
[    6.537193] pci 0000:00:00.0: Limiting direct PCI/PCI transfers
[    6.663754] pci 0000:00:01.0: Activating ISA DMA hang workarounds
[    6.692537] Unpacking initramfs...
[    8.115761] Freeing initrd memory: 10832K (ffff880036ac8000 - ffff88003755c000)
[    8.122271] PCI-DMA: Using software bounce buffering for IO (SWIOTLB)
[    8.124936] software IO TLB [mem 0xdbff0000-0xdfff0000] (64MB) mapped at [ffff8800dbff0000-ffff8800dffeffff]
[    8.129049] RAPL PMU detected, API unit is 2^-32 Joules, 4 fixed counters 10737418240 ms ovfl timer
[    8.133032] hw unit of domain pp0-core 2^-0 Joules
[    8.133722] hw unit of domain package 2^-0 Joules
[    8.142372] hw unit of domain dram 2^-0 Joules
[    8.144152] hw unit of domain pp1-gpu 2^-0 Joules
[    8.144900] platform rtc_cmos: registered platform RTC device (no PNP device found)
[    8.146058] Scanning for low memory corruption every 60 seconds
[    8.147351] audit: initializing netlink subsys (disabled)
[    8.149213] audit: type=2000 audit(1504189470.248:1): initialized
[    8.150302] Initialise system trusted keyring
[    8.152715] HugeTLB registered 2 MB page size, pre-allocated 0 pages
[    8.158096] zbud: loaded
[    8.180570] VFS: Disk quotas dquot_6.6.0
[    8.207685] VFS: Dquot-cache hash table entries: 512 (order 0, 4096 bytes)
[    8.215964] squashfs: version 4.0 (2009/01/31) Phillip Lougher
[    8.223115] fuse init (API version 7.23)
[    8.254857] Key type big_key registered
[    8.268030] Allocating IMA MOK and blacklist keyrings.
[    8.273745] Key type asymmetric registered
[    8.276684] Asymmetric key parser 'x509' registered
[    8.288278] Block layer SCSI generic (bsg) driver version 0.4 loaded (major 249)
[    8.293349] io scheduler noop registered
[    8.295404] io scheduler deadline registered (default)
[    8.296264] io scheduler cfq registered
[    8.315405] pci_hotplug: PCI Hot Plug PCI Core version: 0.5
[    8.329606] pciehp: PCI Express Hot Plug Controller Driver version: 0.4
[    8.338806] ACPI: AC Adapter [AC] (on-line)
[    8.343545] input: Power Button as /devices/LNXSYSTM:00/LNXPWRBN:00/input/input0
[    8.345843] ACPI: Power Button [PWRF]
[    8.349622] input: Sleep Button as /devices/LNXSYSTM:00/LNXSLPBN:00/input/input1
[    8.351837] ACPI: Sleep Button [SLPF]
[    8.352619] GHES: HEST is not enabled!
[    8.353067] ACPI: Battery Slot [BAT0] (battery present)
[    8.406802] Serial: 8250/16550 driver, 32 ports, IRQ sharing enabled
[    8.506081] 00:02: ttyS0 at I/O 0x3f8 (irq = 4, base_baud = 115200) is a 16550A
[    8.647095] Linux agpgart interface v0.103
[    8.722318] loop: module loaded
[    8.787232] scsi host0: ata_piix
[    8.817399] scsi host1: ata_piix
[    8.861451] ata1: PATA max UDMA/33 cmd 0x1f0 ctl 0x3f6 bmdma 0xd000 irq 14
[    8.884733] ata2: PATA max UDMA/33 cmd 0x170 ctl 0x376 bmdma 0xd008 irq 15
[    8.885674] libphy: Fixed MDIO Bus: probed
[    8.920373] tun: Universal TUN/TAP device driver, 1.6
[    9.031475] tun: (C) 1999-2004 Max Krasnyansky <maxk@qualcomm.com>
[    9.115353] PPP generic driver version 2.4.2
[    9.166999] tsc: Refined TSC clocksource calibration: 2693.685 MHz
[    9.207192] clocksource: tsc: mask: 0xffffffffffffffff max_cycles: 0x26d3f0ffa3f, max_idle_ns: 440795289526 ns
[    9.393217] ehci_hcd: USB 2.0 'Enhanced' Host Controller (EHCI) Driver
[    9.395692] ehci-pci: EHCI PCI platform driver
[    9.406780] ehci-platform: EHCI generic platform driver
[    9.415552] ohci_hcd: USB 1.1 'Open' Host Controller (OHCI) Driver
[    9.425669] ohci-pci: OHCI PCI platform driver
[    9.426337] ohci-platform: OHCI generic platform driver
[    9.427087] uhci_hcd: USB Universal Host Controller Interface driver
[    9.435343] i8042: PNP: PS/2 Controller [PNP0303:PS2K,PNP0f03:PS2M] at 0x60,0x64 irq 1,12
[    9.438025] serio: i8042 KBD port at 0x60,0x64 irq 1
[    9.441876] serio: i8042 AUX port at 0x60,0x64 irq 12
[    9.442711] mousedev: PS/2 mouse device common for all mice
[    9.445883] input: AT Translated Set 2 keyboard as /devices/platform/i8042/serio0/input/input2
[    9.448559] rtc_cmos rtc_cmos: rtc core: registered rtc_cmos as rtc0
[    9.455833] rtc_cmos rtc_cmos: alarms up to one day, 114 bytes nvram
[    9.465738] i2c /dev entries driver
[    9.468081] device-mapper: uevent: version 1.0.3
[    9.475597] device-mapper: ioctl: 4.34.0-ioctl (2015-10-28) initialised: dm-devel@redhat.com
[    9.486127] ledtrig-cpu: registered to indicate activity on CPUs
[    9.490141] NET: Registered protocol family 10
[    9.493861] NET: Registered protocol family 17
[    9.498519] Key type dns_resolver registered
[    9.501106] microcode: CPU0 sig=0x306c3, pf=0x40, revision=0x0
[    9.502386] microcode: CPU1 sig=0x306c3, pf=0x40, revision=0x0
[    9.505727] microcode: Microcode Update Driver: v2.01 <tigran@aivazian.fsnet.co.uk>, Peter Oruba
[    9.515925] registered taskstats version 1
[    9.528533] Loading compiled-in X.509 certificates
[    9.536030] Loaded X.509 cert 'Build time autogenerated kernel key: 01a2b0d0dba8d37a863918580fc16590a7d146c8'
[    9.546295] zswap: loaded using pool lzo/zbud
[    9.551371] Key type trusted registered
[    9.557708] Key type encrypted registered
[    9.565494] AppArmor: AppArmor sha1 policy hashing enabled
[    9.569892] ima: No TPM chip found, activating TPM-bypass!
[    9.570713] evm: HMAC attrs: 0x1
[    9.571474]   Magic number: 13:202:436
[    9.574084] rtc_cmos rtc_cmos: setting system clock to 2017-08-31 14:24:32 UTC (1504189472)
[    9.586242] BIOS EDD facility v0.16 2004-Jun-25, 0 devices found
[    9.605638] EDD information not available.
[    9.610521] Freeing unused kernel memory: 1488K (ffffffff81f45000 - ffffffff820b9000)
[    9.616046] Write protecting the kernel read-only data: 14336k
[    9.627467] Freeing unused kernel memory: 1752K (ffff88000184a000 - ffff880001a00000)
[    9.646222] Freeing unused kernel memory: 112K (ffff880001de4000 - ffff880001e00000)
Loading, please wait...
starting version 229
[    9.663994] random: systemd-udevd: uninitialized urandom read (16 bytes read, 2 bits of entropy available)
[    9.665355] random: udevadm: uninitialized urandom read (16 bytes read, 2 bits of entropy available)
[    9.665402] random: udevadm: uninitialized urandom read (16 bytes read, 2 bits of entropy available)
[    9.665546] random: udevadm: uninitialized urandom read (16 bytes read, 2 bits of entropy available)
[    9.665595] random: udevadm: uninitialized urandom read (16 bytes read, 2 bits of entropy available)
[    9.665643] random: udevadm: uninitialized urandom read (16 bytes read, 2 bits of entropy available)
[    9.665693] random: udevadm: uninitialized urandom read (16 bytes read, 2 bits of entropy available)
[    9.665739] random: udevadm: uninitialized urandom read (16 bytes read, 2 bits of entropy available)
[    9.665784] random: udevadm: uninitialized urandom read (16 bytes read, 2 bits of entropy available)
[    9.665831] random: udevadm: uninitialized urandom read (16 bytes read, 2 bits of entropy available)
[   10.196444] e1000: Intel(R) PRO/1000 Network Driver - version 7.3.21-k8-NAPI
[   10.396642] e1000: Copyright (c) 1999-2006 Intel Corporation.
[   10.620556] Fusion MPT base driver 3.04.20
[   10.808950] Copyright (c) 1999-2008 LSI Corporation
[   11.044025] Fusion MPT SPI Host driver 3.04.20
[   11.152401] mptbase: ioc0: Initiating bringup
[   11.169875] AVX version of gcm_enc/dec engaged.
[   11.175793] AES CTR mode by8 optimization enabled
[   11.236217] ioc0: LSI53C1030 A0: Capabilities={Initiator}
[   11.365454] input: ImExPS/2 Generic Explorer Mouse as /devices/platform/i8042/serio1/input/input4
[   11.521172] scsi host2: ioc0: LSI53C1030 A0, FwRev=00000000h, Ports=1, MaxQ=256, IRQ=20
[   11.751222] scsi 2:0:0:0: Direct-Access     VBOX     HARDDISK         1.0  PQ: 0 ANSI: 5
[   11.762302] scsi target2:0:0: Beginning Domain Validation
[   11.768971] scsi target2:0:0: Domain Validation skipping write tests
[   11.771791] scsi target2:0:0: Ending Domain Validation
[   11.773648] scsi target2:0:0: asynchronous
[   11.775704] scsi 2:0:1:0: Direct-Access     VBOX     HARDDISK         1.0  PQ: 0 ANSI: 5
[   11.778007] scsi target2:0:1: Beginning Domain Validation
[   11.779301] scsi target2:0:1: Domain Validation skipping write tests
[   11.781861] scsi target2:0:1: Ending Domain Validation
[   11.784067] scsi target2:0:1: asynchronous
[   11.797018] sd 2:0:0:0: [sda] 20971520 512-byte logical blocks: (10.7 GB/10.0 GiB)
[   11.799036] sd 2:0:0:0: Attached scsi generic sg0 type 0
[   11.800791] sd 2:0:1:0: Attached scsi generic sg1 type 0
[   11.802878] sd 2:0:0:0: [sda] Write Protect is off
[   11.804807] sd 2:0:1:0: [sdb] 20480 512-byte logical blocks: (10.5 MB/10.0 MiB)
[   11.807228] sd 2:0:0:0: [sda] Incomplete mode parameter data
[   11.809232] sd 2:0:0:0: [sda] Assuming drive cache: write through
[   11.810294] sd 2:0:1:0: [sdb] Write Protect is off
[   11.812470] sd 2:0:1:0: [sdb] Incomplete mode parameter data
[   11.814441] sd 2:0:1:0: [sdb] Assuming drive cache: write through
[   11.815769]  sda: sda1
[   11.817851] sd 2:0:0:0: [sda] Attached SCSI disk
[   11.820304] sd 2:0:1:0: [sdb] Attached SCSI disk
[   12.086971] e1000 0000:00:03.0 eth0: (PCI:33MHz:32-bit) 02:21:85:d0:49:10
[   12.097520] e1000 0000:00:03.0 eth0: Intel(R) PRO/1000 Network Connection
[   12.099286] e1000 0000:00:03.0 enp0s3: renamed from eth0
[   14.200138] floppy0: no floppy controllers found
Begin: Loading e[   15.632128] md: linear personality registered for level -1
ssential drivers[   15.806153] md: multipath personality registered for level -4
 ... [   15.966884] md: raid0 personality registered for level 0
[   16.090726] md: raid1 personality registered for level 1
[   16.315017] raid6: sse2x1   gen() 11330 MB/s
[   16.535009] raid6: sse2x1   xor()  8919 MB/s
[   16.635020] raid6: sse2x2   gen() 15174 MB/s
[   16.716742] raid6: sse2x2   xor()  9050 MB/s
[   16.952744] raid6: sse2x4   gen() 16456 MB/s
[   17.092290] raid6: sse2x4   xor() 11327 MB/s
[   17.105542] raid6: using algorithm sse2x4 gen() 16456 MB/s
[   17.106201] raid6: .... xor() 11327 MB/s, rmw enabled
[   17.117061] raid6: using ssse3x2 recovery algorithm
[   17.136885] xor: automatically using best checksumming function:
[   17.176025]    avx       : 22039.000 MB/sec
[   17.183085] async_tx: api initialized (async)
[   17.188898] md: raid6 personality registered for level 6
[   17.195190] md: raid5 personality registered for level 5
[   17.195855] md: raid4 personality registered for level 4
[   17.281787] md: raid10 personality registered for level 10
done.
Begin: Running /scripts/init-premount ... done.
Begin: Mounting root file system ... Begin: Running /scripts/l[   17.307403] Btrfs loaded
ocal-top ... done.
Begin: Running /scripts/local-premount ... Scanning for Btrfs filesystems
done.
Warning: fsck [   17.469801] EXT4-fs (sda1): mounted filesystem with ordered data mode. Opts: (null)
not present, so skipping root file system
done.
Begin: Running /scripts/local-bottom ... done.
Begin: Running /scripts/init-bottom ... done.
[   17.523192] systemd[1]: systemd 229 running in system mode. (+PAM +AUDIT +SELINUX +IMA +APPARMOR +SMACK +SYSVINIT +UTMP +LIBCRYPTSETUP +GCRYPT +GNUTLS +ACL +XZ -LZ4 +SECCOMP +BLKID +ELFUTILS +KMOD -IDN)
[   17.568731] systemd[1]: Detected virtualization oracle.
[   17.629798] systemd[1]: Detected architecture x86-64.

Welcome to [1mUbuntu 16.04.3 LTS[0m!

[   17.680067] systemd[1]: Set hostname to <ubuntu>.
[   17.722414] systemd[1]: Initializing machine ID from random generator.
[   17.809725] systemd[1]: Installed transient /etc/machine-id file.
[   17.912730] systemd[1]: Listening on Journal Socket.
[[0;32m  OK  [0m] Listening on Journal Socket.
[   18.001738] systemd[1]: Listening on Device-mapper event daemon FIFOs.
[[0;32m  OK  [0m] Listening on Device-mapper event daemon FIFOs.
[   18.184403] systemd[1]: Listening on LVM2 poll daemon socket.
[[0;32m  OK  [0m] Listening on LVM2 poll daemon socket.
[   18.305207] systemd[1]: Listening on LVM2 metadata daemon socket.
[[0;32m  OK  [0m] Listening on LVM2 metadata daemon socket.
[   18.308335] systemd[1]: Listening on udev Control Socket.
[[0;32m  OK  [0m] Listening on udev Control Socket.
[   18.309810] systemd[1]: Reached target Encrypted Volumes.
[[0;32m  OK  [0m] Reached target Encrypted Volumes.
[   18.325143] systemd[1]: Listening on udev Kernel Socket.
[[0;32m  OK  [0m] Listening on udev Kernel Socket.
[   18.326743] systemd[1]: Listening on Syslog Socket.
[[0;32m  OK  [0m] Listening on Syslog Socket.
[   18.336235] systemd[1]: Listening on /dev/initctl Compatibility Named Pipe.
[[0;32m  OK  [0m] Listening on /dev/initctl Compatibility Named Pipe.
[   18.453989] systemd[1]: Created slice System Slice.
[[0;32m  OK  [0m] Created slice System Slice.
[   18.504640] systemd[1]: Starting Remount Root and Kernel File Systems...
         [   18.563912] EXT4-fs (sda1): re-mounted. Opts: (null)
Starting Remount Root and Kernel File Systems...
[   18.678069] systemd[1]: Starting Create list of required static device nodes for the current kernel...
         Starting Create list of required st... nodes for the current kernel...
[   18.688376] systemd[1]: Created slice system-serial\x2dgetty.slice.
[[0;32m  OK  [0m] Created slice system-serial\x2dgetty.slice.
[   18.772219] systemd[1]: Starting Monitoring of LVM2 mirrors, snapshots etc. using dmeventd or progress polling...
         Starting Monitoring of LVM2 mirrors... dmeventd or progress polling...
[   19.104178] systemd[1]: Starting Load Kernel Modules...
         [   19.178320] Loading iSCSI transport class v2.0-870.
Starting Load Ke[   19.329493] iscsi: registered transport (tcp)
rnel Modules...
[   19.471630] systemd[1]: Starting Uncomplicated firewall...
         Starting Uncomplicated firewall...
[   19.491671] systemd[1]: Started Forward Password Requests to Wall Directory Watch.
[[0;32m  OK  [0m] Started Forward Password Requests to Wall Directory Watch.
[   19.497792] iscsi: registered transport (iser)
[   19.498250] systemd[1]: Mounting Huge Pages File System...
         Mounting Huge Pages File System...
[   19.852295] systemd[1]: Starting Set console keymap...
         [   19.873785] random: nonblocking pool is initialized
Starting Set console keymap...
[   20.120402] systemd[1]: Listening on Journal Audit Socket.
[[0;32m  OK  [0m] Listening on Journal Audit Socket.
[   20.320230] systemd[1]: Listening on Journal Socket (/dev/log).
[[0;32m  OK  [0m] Listening on Journal Socket (/dev/log).
[   20.360207] systemd[1]: Starting Journal Service...
         Starting Journal Service...
[   20.376681] systemd[1]: Mounting Debug File System...
         Mounting Debug File System...
[   20.379138] systemd[1]: Started Trigger resolvconf update for networkd DNS.
[[0;32m  OK  [0m] Started Trigger resolvconf update for networkd DNS.
[   20.428574] systemd[1]: Starting Nameserver information manager...
         Starting Nameserver information manager...
[   20.560186] systemd[1]: Mounting POSIX Message Queue File System...
         Mounting POSIX Message Queue File System...
[   20.898928] systemd[1]: Reached target User and Group Name Lookups.
[[0;32m  OK  [0m] Reached target User and Group Name Lookups.
[   20.900568] systemd[1]: Created slice User and Session Slice.
[[0;32m  OK  [0m] Created slice User and Session Slice.
[   20.948259] systemd[1]: Reached target Slices.
[[0;32m  OK  [0m] Reached target Slices.
[   21.144168] systemd[1]: Reached target Swap.
[[0;32m  OK  [0m] Reached target Swap.
[   21.346170] systemd[1]: Set up automount Arbitrary Executable File Formats File System Automount Point.
[[0;32m  OK  [0m] Set up automount Arbitrary Executab...ats File System Automount Point.
[   21.425200] systemd[1]: Mounted Debug File System.
[[0;32m  OK  [0m] Mounted Debug File System.
[   21.637383] systemd[1]: Mounted POSIX Message Queue File System.
[[0;32m  OK  [0m] Mounted POSIX Message Queue File System.
[   21.644171] systemd[1]: Mounted Huge Pages File System.
[[0;32m  OK  [0m] Mounted Huge Pages File System.
[   21.656586] systemd[1]: Started Journal Service.
[[0;32m  OK  [0m] Started Journal Service.
[[0;32m  OK  [0m] Started Remount Root and Kernel File Systems.
[[0;32m  OK  [0m] Started Create list of required sta...ce nodes for the current kernel.
[[0;32m  OK  [0m] Started Load Kernel Modules.
[[0;32m  OK  [0m] Started Uncomplicated firewall.
[[0;32m  OK  [0m] Started Set console keymap.
[[0;32m  OK  [0m] Started Nameserver information manager.
[[0;32m  OK  [0m] Started LVM2 metadata daemon.
         Starting Apply Kernel Variables...
         Mounting FUSE Control File System...
         Starting Create Static Device Nodes in /dev...
         Starting Load/Save Random Seed...
         Starting udev Coldplug all Devices...
         Starting Initial cloud-init job (pre-networking)...
         Starting Flush Journal to Persistent Storage...
[[0;32m  OK  [0m] Mounted FUSE Control File System.
[[0;32m  OK  [0m] Started Apply Kernel Variables.
[[0;32m  OK  [0m] Started Create Static Device Nodes in /dev.
[[0;32m  OK  [0m] Started Load/Save Random Seed.
[[0;32m  OK  [0m] Started Flush Journal to Persistent Storage.
[[0;32m  OK  [0m] Started udev Coldplug all Devices.
         Starting udev Kernel Device Manager...
[[0;32m  OK  [0m] Started udev Kernel Device Manager.
[[0;32m  OK  [0m] Started Dispatch Password Requests to Console Directory Watch.
[[0;32m  OK  [0m] Found device /dev/ttyS0.
[[0;32m  OK  [0m] Started Monitoring of LVM2 mirrors,...ng dmeventd or progress polling.
[[0;32m  OK  [0m] Reached target Local File Systems (Pre).
[[0;32m  OK  [0m] Reached target Local File Systems.
         Starting Set console font and keymap...
         Starting Create Volatile Files and Directories...
         Starting Tell Plymouth To Write Out Runtime Data...
         Starting LSB: AppArmor initialization...
         Starting Commit a transient machine-id on disk...
[[0;32m  OK  [0m] Started Create Volatile Files and Directories.
[[0;32m  OK  [0m] Started Tell Plymouth To Write Out Runtime Data.
[[0;32m  OK  [0m] Started Commit a transient machine-id on disk.
[   17.111216] cloud-init[463]: Cloud-init v. 0.7.9 running 'init-local' at Thu, 31 Aug 2017 14:24:45 +0000. Up 16.90 seconds.
[[0;32m  OK  [0m] Started Initial cloud-init job (pre-networking).
[[0;32m  OK  [0m] Listening on Load/Save RF Kill Switch Status /dev/rfkill Watch.
[[0;32m  OK  [0m] Reached target Network (Pre).
[[0;32m  OK  [0m] Reached target System Time Synchronized.
         Starting Update UTMP about System Boot/Shutdown...
[[0;32m  OK  [0m] Started Set console font and keymap.
[[0;32m  OK  [0m] Started LSB: AppArmor initialization.
[[0;32m  OK  [0m] Started Update UTMP about System Boot/Shutdown.
         Starting Raise network interfaces...
[[0;32m  OK  [0m] Created slice system-getty.slice.
[[0;32m  OK  [0m] Started Raise network interfaces.
[[0;32m  OK  [0m] Reached target Network.
         Starting Initial cloud-init job (metadata service crawler)...
[   20.404528] cloud-init[934]: Cloud-init v. 0.7.9 running 'init' at Thu, 31 Aug 2017 14:24:48 +0000. Up 20.10 seconds.
[   20.410036] cloud-init[934]: ci-info: +++++++++++++++++++++++++++++++++++++Net device info++++++++++++++++++++++++++++++++++++++
[   20.419895] cloud-init[934]: ci-info: +--------+------+----------------------------+---------------+-------+-------------------+
[   20.428006] cloud-init[934]: ci-info: | Device |  Up  |          Address           |      Mask     | Scope |     Hw-Address    |
[   20.439873] cloud-init[934]: ci-info: +--------+------+----------------------------+---------------+-------+-------------------+
[   20.448810] cloud-init[934]: ci-info: |   lo   | True |         127.0.0.1          |   255.0.0.0   |   .   |         .         |
[   20.448969] cloud-init[934]: ci-info: |   lo   | True |          ::1/128           |       .       |  host |         .         |
[[0;32m  OK  [0m] Started Initial cloud-init job (metadata service crawler).
[   20.449054] cloud-init[934]: ci-info: | enp0s3 | True |         10.0.2.15          | 255.255.255.0 |   .   | 02:21:85:d0:49:10 |
[   20.458121] cloud-init[934]: ci-info: | enp0s3 | True | fe80::21:85ff:fed0:4910/64 |       .       |  link | 02:21:85:d0:49:10 |
[   20.458293] cloud-init[934]: ci-info: +--------+------+----------------------------+---------------+-------+-------------------+
[[0;32m  OK  [0m] Reached target System Initialization.
[[0;32m  OK  [0m] Started Timer to automatically refresh installed snaps.
[[0;32m  OK  [0m] Listening on ACPID Listen Socket.
[   20.458403] cloud-init[934]: ci-info: +++++++++++++++++++++++++++Route IPv4 info++++++++++++++++++++++++++++
[   20.476471] cloud-init[934]: ci-info: +-------+-------------+----------+---------------+-----------+-------+
[   20.476789] cloud-init[934]: ci-info: | Route | Destination | Gateway  |    Genmask    | Interface | Flags |
[   20.476873] cloud-init[934]: ci-info: +-------+-------------+----------+---------------+-----------+-------+
[   20.476990] cloud-init[934]: ci-info: |   0   |   0.0.0.0   | 10.0.2.2 |    0.0.0.0    |   enp0s3  |   UG  |
[   20.477076] cloud-init[934]: ci-info: |   1   |   10.0.2.0  | 0.0.0.0  | 255.255.255.0 |   enp0s3  |   U   |
[   20.477156] cloud-init[934]: ci-info: +-------+-------------+----------+---------------+-----------+-------+
[   20.477299] cloud-init[934]: Generating public/private rsa key pair.
[   20.477385] cloud-init[934]: Your identification has been saved in /etc/ssh/ssh_host_rsa_key.
[   20.477465] cloud-init[934]: Your public key has been saved in /etc/ssh/ssh_host_rsa_key.pub.
[   20.477541] cloud-init[934]: The key fingerprint is:
[   20.477625] cloud-init[934]: SHA256:gNEzE8j7SE2L1Y+T5zHulw+BVLByL2T8f21ExjCPKo8 root@ubuntu-xenial
[   20.477704] cloud-init[934]: The key's randomart image is:
[   20.477781] cloud-init[934]: +---[RSA 2048]----+
[   20.477857] cloud-init[934]: |   ..o.o  ... o  |
[   20.477950] cloud-init[934]: |    ooB .. o   * |
[   20.478034] cloud-init[934]: |    .*.=.+B   . =|
[   20.478111] cloud-init[934]: |    + o.+*=+ . o |
[   20.478189] cloud-init[934]: |   . o  S=+o=   .|
[   20.478265] cloud-init[934]: |    . .   o= o ..|
[   20.478345] cloud-init[934]: |         .E o.. +|
[   20.478428] cloud-init[934]: |          . o. o |
[   20.478506] cloud-init[934]: |           . ..  |
[   20.478582] cloud-init[934]: +----[SHA256]-----+
[   20.478659] cloud-init[934]: Generating public/private dsa key pair.
[   20.478736] cloud-init[934]: Your identification has been saved in /etc/ssh/ssh_host_dsa_key.
[   20.478816] cloud-init[934]: Your public key has been saved in /etc/ssh/ssh_host_dsa_key.pub.
[   20.478893] cloud-init[934]: The key fingerprint is:
[   20.479020] cloud-init[934]: SHA256:h37crFLW7k7uhX5WlSr0ZLPoS3aaK2Aehm81moygEoI root@ubuntu-xenial
[   20.479137] cloud-init[934]: The key's randomart image is:
[   20.479247] cloud-init[934]: +---[DSA 1024]----+
[   20.479358] cloud-init[934]: |                 |
[   20.479468] cloud-init[934]: |                 |
[   20.479578] cloud-init[934]: |                .|
[   20.479690] cloud-init[934]: |         . . + ..|
[   20.479803] cloud-init[934]: |.     . S o.= + .|
[   20.479958] cloud-init[934]: |E  . . * =o=.=  .|
[   20.479987] cloud-init[934]: |... . B Bo=+*... |
[   20.480011] cloud-init[934]: |..   . B.oo*=.o  |
[   20.480035] cloud-init[934]: |.     .  .oOOo   |
[   20.480061] cloud-init[934]: +----[SHA256]-----+
[   20.480085] cloud-init[934]: Generating public/private ecdsa key pair.
[   20.480109] cloud-init[934]: Your identification has been saved in /etc/ssh/ssh_host_ecdsa_key.
[   20.480133] cloud-init[934]: Your public key has been saved in /etc/ssh/ssh_host_ecdsa_key.pub.
[   20.480156] cloud-init[934]: The key fingerprint is:
[   20.480180] cloud-init[934]: SHA256:+ALIqYVJv/hESREdkTdwh0OmQgs4OZ9iJyid6CmeowA root@ubuntu-xenial
[   20.480205] cloud-init[934]: The key's randomart image is:
[   20.480229] cloud-init[934]: +---[ECDSA 256]---+
[   20.480252] cloud-init[934]: |.o +o+*+..       |
[   20.480275] cloud-init[934]: |= o oo+=.        |
[   20.480299] cloud-init[934]: |.B * .. o        |
[   20.480323] cloud-init[934]: |**B+o  .         |
[   20.480350] cloud-init[934]: |E.O+. . S        |
[   20.480374] cloud-init[934]: |o=o .. .         |
[   20.480398] cloud-init[934]: |=..o  . .        |
[   20.480423] cloud-init[934]: |.+o    .         |
[   20.480447] cloud-init[934]: |o ..             |
[   20.480470] cloud-init[934]: +----[SHA256]-----+
[   20.480494] cloud-init[934]: Generating public/private ed25519 key pair.
[   20.480517] cloud-init[934]: Your identification has been saved in /etc/ssh/ssh_host_ed25519_key.
[   20.480541] cloud-init[934]: Your public key has been saved in /etc/ssh/ssh_host_ed25519_key.pub.[[0;32m  OK  [0m] Listening on D-Bus System Message Bus Socket.
         Starting Socket activation for snappy daemon.
[[0;32m  OK  [0m] Listening on UUID daemon activation socket.

[   20.557059] cloud-init[934]: The key fingerprint is:
[   20.564181] cloud-init[934]: SHA256:MBIxJ7L3b8nFd11DRqJFx9sklvb+NxUspCMlBqeFIuI root@ubuntu-xenial
         Starting LXD - unix socket.
[[0;32m  OK  [0m] Started Daily Cleanup of Temporary Directories.
[   20.570048] cloud-init[934]: The key's randomart image is:
[   20.588250] cloud-init[934]: +--[ED25519 256]--+
[   20.590629] cloud-init[934]: |  . =...oo  .+o* |
[   20.591300] cloud-init[934]: | . + * .+o .o.X..|
[   20.591965] cloud-init[934]: |. o + +.. o.oo.=+|
[   20.592674] cloud-init[934]: | E . o o o o . ==|
[   20.593374] cloud-init[934]: |      . S + o o.o|
[[0;32m  OK  [0m] Started ACPI Events Check.
[[0;32m  OK  [0m] Reached target Paths.
[[0;32m  OK  [0m] Reached target Cloud-config availability.
[[0;32m  OK  [0m] Reached target Network is Online.
[[0;32m  OK  [0m] Started Daily apt download activities.
[[0;32m  OK  [0m] Started Daily apt upgrade and clean activities.
[   20.598591] cloud-init[934]: |       o o . .  o|
[   20.612090] cloud-init[934]: |        =       o|
[   20.614641] cloud-init[934]: |       .       .o|
[   20.624514] cloud-init[934]: |                o|
[[0;32m  OK  [0m] Reached target Timers.
[   20.635857] cloud-init[934]: +----[SHA256]-----+
         Starting iSCSI initiator daemon (iscsid)...
[[0;32m  OK  [0m] Listening on Socket activation for snappy daemon.
[[0;32m  OK  [0m] Listening on LXD - unix socket.
[[0;32m  OK  [0m] Started iSCSI initiator daemon (iscsid).
         Starting Login to default iSCSI targets...
[[0;32m  OK  [0m] Reached target Sockets.
[[0;32m  OK  [0m] Reached target Basic System.
         Starting LSB: Record successful boot for GRUB...
         Starting System Logging Service...
[[0;32m  OK  [0m] Started Regular background program processing daemon.
[[0;32m  OK  [0m] Started Deferred execution scheduler.
[[0;32m  OK  [0m] Started D-Bus System Message Bus.
         Starting /etc/rc.local Compatibility...
         Starting Pollinate to seed the pseudo random number generator...
         Starting Login Service...
         Starting LXD - container startup/shutdown...
[[0;32m  OK  [0m] Started Unattended Upgrades Shutdown.
         Starting Apply the settings specified in cloud-config...
[[0;32m  OK  [0m] Started FUSE filesystem for LXC.
         Starting LSB: MD monitoring daemon...
[[0;32m  OK  [0m] Started ACPI event daemon.
         Starting Accounts Service...
[[0;32m  OK  [0m] Started Snappy daemon.
         Starting Auto import assertions from block devices...
[[0;32m  OK  [0m] Started System Logging Service.
[[0;32m  OK  [0m] Started /etc/rc.local Compatibility.
[[0;32m  OK  [0m] Started LXD - container startup/shutdown.
[[0;32m  OK  [0m] Started Auto import assertions from block devices.
[   21.276271] cloud-init[1099]: Generating locales (this might take a while)...
[[0;32m  OK  [0m] Started Login to default iSCSI targets.
[[0;32m  OK  [0m] Started LSB: Record successful boot for GRUB.
[[0;32m  OK  [0m] Started LSB: MD monitoring daemon.
[[0;32m  OK  [0m] Started Login Service.
         Starting Authenticate and Authorize Users to Run Privileged Tasks...
[[0;32m  OK  [0m] Reached target Remote File Systems (Pre).
[[0;32m  OK  [0m] Reached target Remote File Systems.
         Starting LSB: automatic crash report generation...
         Starting LSB: VirtualBox Linux Additions...
         Starting LSB: Set the CPU Frequency Scaling governor to "ondemand"...
         Starting LSB: daemon to balance interrupts for SMP systems...
         Starting Permit User Sessions...
[[0;32m  OK  [0m] Started Pollinate to seed the pseudo random number generator.
[[0;32m  OK  [0m] Started Permit User Sessions.
[[0;32m  OK  [0m] Started Authenticate and Authorize Users to Run Privileged Tasks.
[   21.917047] cloud-init[1099]:   en_US.UTF-8... done
[[0;32m  OK  [0m] Started Accounts Service.
[   21.988637] cloud-init[1099]: Generation complete.
[[0;32m  OK  [0m] Started LSB: automatic crash report generation.
[[0;32m  OK  [0m] Started LSB: VirtualBox Linux Additions.
[[0;32m  OK  [0m] Started LSB: Set the CPU Frequency Scaling governor to "ondemand".
[[0;32m  OK  [0m] Started LSB: daemon to balance interrupts for SMP systems.
         Starting Terminate Plymouth Boot Screen...
         Starting Hold until boot process finishes up...
[[0;32m  OK  [0m] Stopped OpenBSD Secure Shell server.
         Starting OpenBSD Secure Shell server...
[[0;32m  OK  [0m] Started OpenBSD Secure Shell server.
[[0;32m  OK  [0m] Started Terminate Plymouth Boot Screen.
[[0;32m  OK  [0m] Started Hold until boot process finishes up.
[[0;32m  OK  [0m] Started Serial Getty on ttyS0.
[[0;32m  OK  [0m] Started Getty on tty1.
[[0;32m  OK  [0m] Reached target Login Prompts.
         Starting Set console scheme...
[[0;32m  OK  [0m] Reached target Multi-User System.
[[0;32m  OK  [0m] Reached target Graphical Interface.
         Starting Update UTMP about System Runlevel Changes...
[[0;32m  OK  [0m] Started Set console scheme.
[[0;32m  OK  [0m] Started Update UTMP about System Runlevel Changes.
[   22.530412] cloud-init[1099]: Cloud-init v. 0.7.9 running 'modules:config' at Thu, 31 Aug 2017 14:24:49 +0000. Up 21.19 seconds.
[[0;32m  OK  [0m] Started Apply the settings specified in cloud-config.
         Starting Execute cloud user/final scripts...
[[0;32m  OK  [0m] Created slice User Slice of ubuntu.
         Starting User Manager for UID 1000...
[[0;32m  OK  [0m] Started User Manager for UID 1000.
ci-info: no authorized ssh keys fingerprints found for user ubuntu.
[[0;32m  OK  [0m] Started Session 1 of user ubuntu.
<14>Aug 31 14:24:51 ec2: 
<14>Aug 31 14:24:51 ec2: #############################################################
<14>Aug 31 14:24:51 ec2: -----BEGIN SSH HOST KEY FINGERPRINTS-----
<14>Aug 31 14:24:51 ec2: 1024 SHA256:h37crFLW7k7uhX5WlSr0ZLPoS3aaK2Aehm81moygEoI root@ubuntu-xenial (DSA)
<14>Aug 31 14:24:51 ec2: 256 SHA256:+ALIqYVJv/hESREdkTdwh0OmQgs4OZ9iJyid6CmeowA root@ubuntu-xenial (ECDSA)
<14>Aug 31 14:24:51 ec2: 256 SHA256:MBIxJ7L3b8nFd11DRqJFx9sklvb+NxUspCMlBqeFIuI root@ubuntu-xenial (ED25519)
<14>Aug 31 14:24:51 ec2: 2048 SHA256:gNEzE8j7SE2L1Y+T5zHulw+BVLByL2T8f21ExjCPKo8 root@ubuntu-xenial (RSA)
<14>Aug 31 14:24:51 ec2: -----END SSH HOST KEY FINGERPRINTS-----
<14>Aug 31 14:24:51 ec2: #############################################################
-----BEGIN SSH HOST KEY KEYS-----
ecdsa-sha2-nistp256 AAAAE2VjZHNhLXNoYTItbmlzdHAyNTYAAAAIbmlzdHAyNTYAAABBBN2AbV1IREaAv+hUBnyEIrvps1xAXFsBZI+iqM9OFrJnwYDVun8MvP8YhZ3gCz1nGmYwt2dWOyzziRdRxSDLqN0= root@ubuntu-xenial
ssh-ed25519 AAAAC3NzaC1lZDI1NTE5AAAAIPscDG51wVKk5b531t2meXnlrrxQ+Aq8LEAwZ48qQBA2 root@ubuntu-xenial
ssh-rsa AAAAB3NzaC1yc2EAAAADAQABAAABAQDVQt0BSaciF9cxOeGz24hzDHb2Ugr29GhWEO9QJknWYQZL2DNM/TzlpNPXn/FOwdEaGPJtHQmIIVs9NtuuCxLA7Mj2+U8qPvfmlfCHVzze94sX26xGBC6ozKs3qeLjWqgCmJX9tfHW1eqprdnL/desvT8KJnbRP+10nQOvn79TJn3IBxH+mPvy933+Wf+Y3G1OrAZznGRs/zoIfzr75JuFb740kJwgXHr2TdoxlPuL5jlspQwGcRTiDSY1KCGiP3T3wloFE2ZjW9sWIEuyXmPiywKvjKi2/fVTQ02yqAeBnpdsn3f82e22/I2kaXdJhtCwTAOwJKWiKVUY0mANj+k7 root@ubuntu-xenial
-----END SSH HOST KEY KEYS-----
[   23.240968] cloud-init[1295]: Cloud-init v. 0.7.9 running 'modules:final' at Thu, 31 Aug 2017 14:24:51 +0000. Up 22.85 seconds.
[   23.324328] [cloud-init[0;32m  OK  [0m[1295]: ] ci-info: no authorized ssh keys fingerprints found for user ubuntu.Started Execute cloud user/final scripts.

[   23.324527] cloud-init[1295]: Cloud-init v. 0.7.9 finished at Thu, 31 Aug 2017 14:24:51 +0000. Datasource DataSourceNoCloud [seed=/dev/sdb][dsmode=net].  Up 23.23 seconds
[[0;32m  OK  [0m] Reached target Cloud-init target.

Ubuntu 16.04.3 LTS ubuntu-xenial ttyS0

ubuntu-xenial login: 